current directory: /Users/tulletaylor/Documents/Northwestern/Research/MurpheyLab.github.io/.gems/gems/ffi-1.13.1/ext/ffi_c
/Users/tulletaylor/.rbenv/versions/2.7.2/bin/ruby -I /Users/tulletaylor/.rbenv/versions/2.7.2/lib/ruby/2.7.0 -r ./siteconf20201012-70233-jleyv7.rb extconf.rb
checking for ffi_prep_closure_loc() in -lffi... no
checking for ffi_prep_closure_loc() in -llibffi... no
checking for ffi_prep_closure_loc() in -llibffi-8... no
creating extconf.h
creating Makefile

current directory: /Users/tulletaylor/Documents/Northwestern/Research/MurpheyLab.github.io/.gems/gems/ffi-1.13.1/ext/ffi_c
make "DESTDIR=" clean

current directory: /Users/tulletaylor/Documents/Northwestern/Research/MurpheyLab.github.io/.gems/gems/ffi-1.13.1/ext/ffi_c
make "DESTDIR="
cd "/Users/tulletaylor/Documents/Northwestern/Research/MurpheyLab.github.io/.gems/gems/ffi-1.13.1/ext/ffi_c/libffi-x86_64-darwin18" && /Library/Developer/CommandLineTools/usr/bin/make
/Library/Developer/CommandLineTools/usr/bin/make  all-recursive
Making all in include
make[3]: Nothing to be done for `all'.
Making all in testsuite
make[3]: Nothing to be done for `all'.
Making all in man
make[3]: Nothing to be done for `all'.
make[3]: Nothing to be done for `all-am'.
compiling AbstractMemory.c
compiling ArrayType.c
compiling Buffer.c
compiling Call.c
compiling ClosurePool.c
compiling DynamicLibrary.c
compiling Function.c
compiling FunctionInfo.c
compiling LastError.c
compiling LongDouble.c
compiling MappedType.c
compiling MemoryPointer.c
compiling MethodHandle.c
compiling Platform.c
compiling Pointer.c
compiling Struct.c
compiling StructByValue.c
compiling StructLayout.c
compiling Thread.c
compiling Type.c
compiling Types.c
compiling Variadic.c
compiling ffi.c
linking shared-object ffi_c.bundle

current directory: /Users/tulletaylor/Documents/Northwestern/Research/MurpheyLab.github.io/.gems/gems/ffi-1.13.1/ext/ffi_c
make "DESTDIR=" install
cd "/Users/tulletaylor/Documents/Northwestern/Research/MurpheyLab.github.io/.gems/gems/ffi-1.13.1/ext/ffi_c/libffi-x86_64-darwin18" && /Library/Developer/CommandLineTools/usr/bin/make
/Library/Developer/CommandLineTools/usr/bin/make  all-recursive
Making all in include
make[3]: Nothing to be done for `all'.
Making all in testsuite
make[3]: Nothing to be done for `all'.
Making all in man
make[3]: Nothing to be done for `all'.
make[3]: Nothing to be done for `all-am'.
compiling AbstractMemory.c
compiling ArrayType.c
compiling Buffer.c
compiling Call.c
compiling ClosurePool.c
compiling DynamicLibrary.c
compiling Function.c
compiling FunctionInfo.c
compiling LastError.c
compiling LongDouble.c
compiling MappedType.c
compiling MemoryPointer.c
compiling MethodHandle.c
compiling Platform.c
compiling Pointer.c
compiling Struct.c
compiling StructByValue.c
compiling StructLayout.c
compiling Thread.c
compiling Type.c
compiling Types.c
compiling Variadic.c
compiling ffi.c
linking shared-object ffi_c.bundle
/usr/local/bin/ginstall -c -m 0755 ffi_c.bundle ./.gem.20201012-70233-adgxgc
